<?xml version="1.0" encoding="UTF-8"?>
<!-- Generated by org.testng.reporters.JUnitXMLReporter -->
<testsuite hostname="PC391894" ignored="1" name="Test for Login Scenario" tests="2" failures="2" timestamp="23 Apr 2019 10:13:29 GMT" time="0.543" errors="0">
  <testcase name="testForValidLogin" time="0.457" classname="testscripts.LoginScenario">
    <failure type="java.lang.IllegalStateException" message="The driver executable does not exist: C:\Javalibs\Selenium\Browser Drivers\chromedriver.exe">
      <![CDATA[java.lang.IllegalStateException: The driver executable does not exist: C:\Javalibs\Selenium\Browser Drivers\chromedriver.exe
at com.google.common.base.Preconditions.checkState(Preconditions.java:585)
at org.openqa.selenium.remote.service.DriverService.checkExecutable(DriverService.java:136)
at org.openqa.selenium.remote.service.DriverService.findExecutable(DriverService.java:131)
at org.openqa.selenium.chrome.ChromeDriverService.access$000(ChromeDriverService.java:33)
at org.openqa.selenium.chrome.ChromeDriverService$Builder.findDefaultExecutable(ChromeDriverService.java:139)
at org.openqa.selenium.remote.service.DriverService$Builder.build(DriverService.java:335)
at org.openqa.selenium.chrome.ChromeDriverService.createDefaultService(ChromeDriverService.java:89)
at org.openqa.selenium.chrome.ChromeDriver.<init>(ChromeDriver.java:123)
at com.cognizant.framework.selenium.WebDriverFactory.getWebDriver(WebDriverFactory.java:56)
at com.cognizant.craft.DriverScript.initializeWebDriver(DriverScript.java:323)
at com.cognizant.craft.DriverScript.driveTestExecution(DriverScript.java:174)
at testscripts.LoginScenario.testForValidLogin(LoginScenario.java:39)
at java.util.concurrent.ThreadPoolExecutor.runWorker(ThreadPoolExecutor.java:1149)
at java.util.concurrent.ThreadPoolExecutor$Worker.run(ThreadPoolExecutor.java:624)
at java.lang.Thread.run(Thread.java:748)
... Removed 10 stack frames]]>
    </failure>
  </testcase> <!-- testForValidLogin -->
  <testcase name="testForLoginWithNewlyRegisteredUser" time="0.045" classname="testscripts.LoginScenario">
    <failure type="java.lang.IllegalStateException" message="The driver executable does not exist: C:\Javalibs\Selenium\Browser Drivers\chromedriver.exe">
      <![CDATA[java.lang.IllegalStateException: The driver executable does not exist: C:\Javalibs\Selenium\Browser Drivers\chromedriver.exe
at com.google.common.base.Preconditions.checkState(Preconditions.java:585)
at org.openqa.selenium.remote.service.DriverService.checkExecutable(DriverService.java:136)
at org.openqa.selenium.remote.service.DriverService.findExecutable(DriverService.java:131)
at org.openqa.selenium.chrome.ChromeDriverService.access$000(ChromeDriverService.java:33)
at org.openqa.selenium.chrome.ChromeDriverService$Builder.findDefaultExecutable(ChromeDriverService.java:139)
at org.openqa.selenium.remote.service.DriverService$Builder.build(DriverService.java:335)
at org.openqa.selenium.chrome.ChromeDriverService.createDefaultService(ChromeDriverService.java:89)
at org.openqa.selenium.chrome.ChromeDriver.<init>(ChromeDriver.java:123)
at com.cognizant.framework.selenium.WebDriverFactory.getWebDriver(WebDriverFactory.java:56)
at com.cognizant.craft.DriverScript.initializeWebDriver(DriverScript.java:323)
at com.cognizant.craft.DriverScript.driveTestExecution(DriverScript.java:174)
at testscripts.LoginScenario.testForLoginWithNewlyRegisteredUser(LoginScenario.java:28)
at java.util.concurrent.ThreadPoolExecutor.runWorker(ThreadPoolExecutor.java:1149)
at java.util.concurrent.ThreadPoolExecutor$Worker.run(ThreadPoolExecutor.java:624)
at java.lang.Thread.run(Thread.java:748)
... Removed 10 stack frames]]>
    </failure>
  </testcase> <!-- testForLoginWithNewlyRegisteredUser -->
  <testcase name="testForInValidLogin" time="0.0" classname="testscripts.LoginScenario">
    <ignored/>
  </testcase> <!-- testForInValidLogin -->
</testsuite> <!-- Test for Login Scenario -->
