<?xml version="1.0" encoding="UTF-8"?>
<!-- Generated by org.testng.reporters.JUnitXMLReporter -->
<testsuite hostname="PC391894" ignored="2" name="Test for Mobile" tests="1" failures="1" timestamp="23 Apr 2019 10:13:46 GMT" time="2.432" errors="0">
  <testcase name="tiesSelection" time="2.386" classname="testscripts.MobileTestingScenario">
    <failure type="com.cognizant.framework.FrameworkException" message="The appium driver invocation created a problem , please check the capabilities">
      <![CDATA[com.cognizant.framework.FrameworkException: The appium driver invocation created a problem , please check the capabilities
at com.cognizant.framework.selenium.AppiumDriverFactory.getAppiumDriver(AppiumDriverFactory.java:143)
at com.cognizant.craft.DriverScript.initializeWebDriver(DriverScript.java:341)
at com.cognizant.craft.DriverScript.driveTestExecution(DriverScript.java:174)
at testscripts.MobileTestingScenario.tiesSelection(MobileTestingScenario.java:39)
at java.util.concurrent.ThreadPoolExecutor.runWorker(ThreadPoolExecutor.java:1149)
at java.util.concurrent.ThreadPoolExecutor$Worker.run(ThreadPoolExecutor.java:624)
at java.lang.Thread.run(Thread.java:748)
... Removed 10 stack frames]]>
    </failure>
  </testcase> <!-- tiesSelection -->
  <testcase name="testMunkSignIn" time="0.0" classname="testscripts.MobileTestingScenario">
    <ignored/>
  </testcase> <!-- testMunkSignIn -->
  <testcase name="eriBankSendPayment" time="0.0" classname="testscripts.MobileTestingScenario">
    <ignored/>
  </testcase> <!-- eriBankSendPayment -->
</testsuite> <!-- Test for Mobile -->
